<?xml version="1.0" encoding="utf-8"?>
<UANodeSet xmlns:s1="http://bytemeistercoding.com/test-modelling-project/Types.xsd" xmlns:xsi="http://www.w3.org/2001/XMLSchema-instance" xmlns:ua="http://unifiedautomation.com/Configuration/NodeSet.xsd" xmlns:uax="http://opcfoundation.org/UA/2008/02/Types.xsd" xmlns:s2="http://opcfoundation.org/UA/DI/Types.xsd" xmlns="http://opcfoundation.org/UA/2011/03/UANodeSet.xsd" xmlns:xsd="http://www.w3.org/2001/XMLSchema">
    <NamespaceUris>
        <Uri>http://bytemeistercoding.com/test-modelling-project/</Uri>
        <Uri>http://opcfoundation.org/UA/DI/</Uri>
    </NamespaceUris>
    <Models>
        <Model Version="1.0.0" ModelUri="http://bytemeistercoding.com/test-modelling-project/" PublicationDate="2025-03-04T13:42:27Z">
            <RequiredModel Version="1.05.04" ModelUri="http://opcfoundation.org/UA/" PublicationDate="2024-12-01T00:00:00Z"/>
            <RequiredModel Version="1.04.0" ModelUri="http://opcfoundation.org/UA/DI/" PublicationDate="2022-11-03T00:00:00Z"/>
        </Model>
    </Models>
    <Aliases>
        <Alias Alias="Boolean">i=1</Alias>
        <Alias Alias="Int16">i=4</Alias>
        <Alias Alias="String">i=12</Alias>
        <Alias Alias="DateTime">i=13</Alias>
        <Alias Alias="HasModellingRule">i=37</Alias>
        <Alias Alias="HasTypeDefinition">i=40</Alias>
        <Alias Alias="HasSubtype">i=45</Alias>
        <Alias Alias="HasProperty">i=46</Alias>
        <Alias Alias="HasComponent">i=47</Alias>
        <Alias Alias="IdType">i=256</Alias>
        <Alias Alias="NumericRange">i=291</Alias>
        <Alias Alias="Range">i=884</Alias>
    </Aliases>
    <Extensions>
        <Extension>
            <ua:ModelInfo Version="1.7.0" Tool="UaModeler" Hash="0vXYDo+XiUXZSn6a+mJY8g=="/>
        </Extension>
    </Extensions>
    <UAObjectType NodeId="ns=1;i=1003" BrowseName="1:MyCustomType">
        <DisplayName Locale="en">MyCustomType</DisplayName>
        <Description Locale="en">This is a custom type node</Description>
        <References>
            <Reference IsForward="false" ReferenceType="HasSubtype">i=58</Reference>
            <Reference ReferenceType="HasComponent">ns=1;i=5001</Reference>
            <Reference ReferenceType="HasComponent">ns=1;i=6001</Reference>
        </References>
    </UAObjectType>
    <UAObject NodeId="ns=1;i=5001" ParentNodeId="ns=1;i=1003" BrowseName="1:MyObject1">
        <DisplayName>MyObject1</DisplayName>
        <References>
            <Reference ReferenceType="HasModellingRule">i=78</Reference>
            <Reference ReferenceType="HasTypeDefinition">i=61</Reference>
            <Reference IsForward="false" ReferenceType="HasComponent">ns=1;i=1003</Reference>
        </References>
    </UAObject>
    <UAVariable NodeId="ns=1;i=6001" AccessLevel="3" ParentNodeId="ns=1;i=1003" BrowseName="1:MyVariable1" DataType="Int16">
        <DisplayName>MyVariable1</DisplayName>
        <References>
            <Reference ReferenceType="HasModellingRule">i=78</Reference>
            <Reference ReferenceType="HasTypeDefinition">i=2368</Reference>
            <Reference IsForward="false" ReferenceType="HasComponent">ns=1;i=1003</Reference>
            <Reference ReferenceType="HasProperty">ns=1;i=6002</Reference>
        </References>
    </UAVariable>
    <UAVariable NodeId="ns=1;i=6002" ParentNodeId="ns=1;i=6001" BrowseName="EURange" DataType="Range">
        <DisplayName>EURange</DisplayName>
        <References>
            <Reference ReferenceType="HasModellingRule">i=78</Reference>
            <Reference ReferenceType="HasTypeDefinition">i=68</Reference>
            <Reference IsForward="false" ReferenceType="HasProperty">ns=1;i=6001</Reference>
        </References>
    </UAVariable>
    <UAObjectType NodeId="ns=1;i=1004" BrowseName="1:MyComponentType">
        <DisplayName Locale="en">MyComponentType</DisplayName>
        <Description Locale="en">a new component type</Description>
        <References>
            <Reference IsForward="false" ReferenceType="HasSubtype">ns=2;i=15063</Reference>
        </References>
    </UAObjectType>
    <UAObject NodeId="ns=1;i=5002" SymbolicName="http___bytemeistercoding_com_test_modelling_project_" BrowseName="1:http://bytemeistercoding.com/test-modelling-project/">
        <DisplayName>http://bytemeistercoding.com/test-modelling-project/</DisplayName>
        <References>
            <Reference ReferenceType="HasTypeDefinition">i=11616</Reference>
            <Reference IsForward="false" ReferenceType="HasComponent">i=11715</Reference>
            <Reference ReferenceType="HasProperty">ns=1;i=6003</Reference>
            <Reference ReferenceType="HasProperty">ns=1;i=6004</Reference>
            <Reference ReferenceType="HasProperty">ns=1;i=6005</Reference>
            <Reference ReferenceType="HasProperty">ns=1;i=6006</Reference>
            <Reference ReferenceType="HasProperty">ns=1;i=6007</Reference>
            <Reference ReferenceType="HasProperty">ns=1;i=6008</Reference>
            <Reference ReferenceType="HasProperty">ns=1;i=6009</Reference>
        </References>
    </UAObject>
    <UAVariable NodeId="ns=1;i=6003" ParentNodeId="ns=1;i=5002" BrowseName="IsNamespaceSubset" DataType="Boolean">
        <DisplayName>IsNamespaceSubset</DisplayName>
        <References>
            <Reference ReferenceType="HasTypeDefinition">i=68</Reference>
            <Reference IsForward="false" ReferenceType="HasProperty">ns=1;i=5002</Reference>
        </References>
        <Value>
            <uax:Boolean>false</uax:Boolean>
        </Value>
    </UAVariable>
    <UAVariable NodeId="ns=1;i=6004" ParentNodeId="ns=1;i=5002" BrowseName="NamespacePublicationDate" DataType="DateTime">
        <DisplayName>NamespacePublicationDate</DisplayName>
        <References>
            <Reference ReferenceType="HasTypeDefinition">i=68</Reference>
            <Reference IsForward="false" ReferenceType="HasProperty">ns=1;i=5002</Reference>
        </References>
        <Value>
            <uax:DateTime>2025-03-04T13:42:27Z</uax:DateTime>
        </Value>
    </UAVariable>
    <UAVariable NodeId="ns=1;i=6005" ParentNodeId="ns=1;i=5002" BrowseName="NamespaceUri" DataType="String">
        <DisplayName>NamespaceUri</DisplayName>
        <References>
            <Reference ReferenceType="HasTypeDefinition">i=68</Reference>
            <Reference IsForward="false" ReferenceType="HasProperty">ns=1;i=5002</Reference>
        </References>
        <Value>
            <uax:String>http://bytemeistercoding.com/test-modelling-project/</uax:String>
        </Value>
    </UAVariable>
    <UAVariable NodeId="ns=1;i=6006" ParentNodeId="ns=1;i=5002" BrowseName="NamespaceVersion" DataType="String">
        <DisplayName>NamespaceVersion</DisplayName>
        <References>
            <Reference ReferenceType="HasTypeDefinition">i=68</Reference>
            <Reference IsForward="false" ReferenceType="HasProperty">ns=1;i=5002</Reference>
        </References>
        <Value>
            <uax:String>1.0.0</uax:String>
        </Value>
    </UAVariable>
    <UAVariable NodeId="ns=1;i=6007" ArrayDimensions="0" ValueRank="1" ParentNodeId="ns=1;i=5002" BrowseName="StaticNodeIdTypes" DataType="IdType">
        <DisplayName>StaticNodeIdTypes</DisplayName>
        <References>
            <Reference ReferenceType="HasTypeDefinition">i=68</Reference>
            <Reference IsForward="false" ReferenceType="HasProperty">ns=1;i=5002</Reference>
        </References>
        <Value>
            <uax:ListOfInt32>
                <uax:Int32>0</uax:Int32>
            </uax:ListOfInt32>
        </Value>
    </UAVariable>
    <UAVariable NodeId="ns=1;i=6008" ArrayDimensions="0" ValueRank="1" ParentNodeId="ns=1;i=5002" BrowseName="StaticNumericNodeIdRange" DataType="NumericRange">
        <DisplayName>StaticNumericNodeIdRange</DisplayName>
        <References>
            <Reference ReferenceType="HasTypeDefinition">i=68</Reference>
            <Reference IsForward="false" ReferenceType="HasProperty">ns=1;i=5002</Reference>
        </References>
    </UAVariable>
    <UAVariable NodeId="ns=1;i=6009" ParentNodeId="ns=1;i=5002" BrowseName="StaticStringNodeIdPattern" DataType="String">
        <DisplayName>StaticStringNodeIdPattern</DisplayName>
        <References>
            <Reference ReferenceType="HasTypeDefinition">i=68</Reference>
            <Reference IsForward="false" ReferenceType="HasProperty">ns=1;i=5002</Reference>
        </References>
    </UAVariable>
</UANodeSet>
